Determining if the pthread_create exist failed with the following output:
Change Dir: /home/parallels/learning/3D/Point_Cloud_Processing/github_3D_Point_Cloud_processing/ch1/build/CMakeFiles/CMakeTmp

Run Build Command:"/usr/bin/make" "cmTC_5b2ed/fast"
/usr/bin/make -f CMakeFiles/cmTC_5b2ed.dir/build.make CMakeFiles/cmTC_5b2ed.dir/build
make[1]: Entering directory '/home/parallels/learning/3D/Point_Cloud_Processing/github_3D_Point_Cloud_processing/ch1/build/CMakeFiles/CMakeTmp'
Building C object CMakeFiles/cmTC_5b2ed.dir/CheckSymbolExists.c.o
/usr/bin/cc    -o CMakeFiles/cmTC_5b2ed.dir/CheckSymbolExists.c.o   -c /home/parallels/learning/3D/Point_Cloud_Processing/github_3D_Point_Cloud_processing/ch1/build/CMakeFiles/CMakeTmp/CheckSymbolExists.c
Linking C executable cmTC_5b2ed
/usr/bin/cmake -E cmake_link_script CMakeFiles/cmTC_5b2ed.dir/link.txt --verbose=1
/usr/bin/cc      -rdynamic CMakeFiles/cmTC_5b2ed.dir/CheckSymbolExists.c.o  -o cmTC_5b2ed 
CMakeFiles/cmTC_5b2ed.dir/CheckSymbolExists.c.o: In function `main':
CheckSymbolExists.c:(.text+0x1b): undefined reference to `pthread_create'
collect2: error: ld returned 1 exit status
CMakeFiles/cmTC_5b2ed.dir/build.make:97: recipe for target 'cmTC_5b2ed' failed
make[1]: *** [cmTC_5b2ed] Error 1
make[1]: Leaving directory '/home/parallels/learning/3D/Point_Cloud_Processing/github_3D_Point_Cloud_processing/ch1/build/CMakeFiles/CMakeTmp'
Makefile:126: recipe for target 'cmTC_5b2ed/fast' failed
make: *** [cmTC_5b2ed/fast] Error 2

File /home/parallels/learning/3D/Point_Cloud_Processing/github_3D_Point_Cloud_processing/ch1/build/CMakeFiles/CMakeTmp/CheckSymbolExists.c:
/* */
#include <pthread.h>

int main(int argc, char** argv)
{
  (void)argv;
#ifndef pthread_create
  return ((int*)(&pthread_create))[argc];
#else
  (void)argc;
  return 0;
#endif
}

Determining if the function pthread_create exists in the pthreads failed with the following output:
Change Dir: /home/parallels/learning/3D/Point_Cloud_Processing/github_3D_Point_Cloud_processing/ch1/build/CMakeFiles/CMakeTmp

Run Build Command:"/usr/bin/make" "cmTC_2531c/fast"
/usr/bin/make -f CMakeFiles/cmTC_2531c.dir/build.make CMakeFiles/cmTC_2531c.dir/build
make[1]: Entering directory '/home/parallels/learning/3D/Point_Cloud_Processing/github_3D_Point_Cloud_processing/ch1/build/CMakeFiles/CMakeTmp'
Building C object CMakeFiles/cmTC_2531c.dir/CheckFunctionExists.c.o
/usr/bin/cc   -DCHECK_FUNCTION_EXISTS=pthread_create   -o CMakeFiles/cmTC_2531c.dir/CheckFunctionExists.c.o   -c /usr/share/cmake-3.10/Modules/CheckFunctionExists.c
Linking C executable cmTC_2531c
/usr/bin/cmake -E cmake_link_script CMakeFiles/cmTC_2531c.dir/link.txt --verbose=1
/usr/bin/cc  -DCHECK_FUNCTION_EXISTS=pthread_create    -rdynamic CMakeFiles/cmTC_2531c.dir/CheckFunctionExists.c.o  -o cmTC_2531c -lpthreads 
/usr/bin/ld: cannot find -lpthreads
collect2: error: ld returned 1 exit status
CMakeFiles/cmTC_2531c.dir/build.make:97: recipe for target 'cmTC_2531c' failed
make[1]: *** [cmTC_2531c] Error 1
make[1]: Leaving directory '/home/parallels/learning/3D/Point_Cloud_Processing/github_3D_Point_Cloud_processing/ch1/build/CMakeFiles/CMakeTmp'
Makefile:126: recipe for target 'cmTC_2531c/fast' failed
make: *** [cmTC_2531c/fast] Error 2


